2015-03-17T15:19:18+00:00 DEBUG (7): SQLSTATE[42S02]: Base table or view not found: 1146 Table 'fou_mage627.wp_posts' doesn't exist, query was: SELECT `wp_posts`.`ID` FROM `wp_posts` LIMIT 1
2015-03-17T15:19:18+00:00 DEBUG (7): exception 'Zend_Exception' with message 'dbModel read resource does not implement Zend_Db_Adapter_Abstract' in /home/fou/public_html/lib/Varien/Data/Collection/Db.php:187
Stack trace:
#0 /home/fou/public_html/app/code/core/Mage/Core/Model/Resource/Db/Collection/Abstract.php(134): Varien_Data_Collection_Db->setConnection(false)
#1 /home/fou/public_html/app/code/core/Mage/Core/Model/Config.php(1348): Mage_Core_Model_Resource_Db_Collection_Abstract->__construct(Array)
#2 /home/fou/public_html/app/code/core/Mage/Core/Model/Config.php(1380): Mage_Core_Model_Config->getModelInstance('wordpress_resou...', Array)
#3 /home/fou/public_html/app/Mage.php(491): Mage_Core_Model_Config->getResourceModelInstance('wordpress/user_...', Array)
#4 /home/fou/public_html/app/code/community/Fishpig/Wordpress/Model/Resource/User.php(75): Mage::getResourceModel('wordpress/user_...')
#5 /home/fou/public_html/app/code/community/Fishpig/Wordpress/sql/wordpress_setup/mysql4-upgrade-3.0.43.0-3.0.44.0.php(12): Fishpig_Wordpress_Model_Resource_User->cleanDuplicates()
#6 /home/fou/public_html/app/code/core/Mage/Core/Model/Resource/Setup.php(624): include('/home/fou/publi...')
#7 /home/fou/public_html/app/code/core/Mage/Core/Model/Resource/Setup.php(422): Mage_Core_Model_Resource_Setup->_modifyResourceDb('upgrade', '0.1.0', '3.1.1.26')
#8 /home/fou/public_html/app/code/core/Mage/Core/Model/Resource/Setup.php(327): Mage_Core_Model_Resource_Setup->_installResourceDb('3.1.1.26')
#9 /home/fou/public_html/app/code/core/Mage/Core/Model/Resource/Setup.php(235): Mage_Core_Model_Resource_Setup->applyUpdates()
#10 /home/fou/public_html/downloader/Maged/Controller.php(964): Mage_Core_Model_Resource_Setup::applyAllUpdates()
#11 /home/fou/public_html/downloader/Maged/Controller.php(408): Maged_Controller->cleanCache()
#12 /home/fou/public_html/downloader/Maged/Controller.php(813): Maged_Controller->cleanCacheAction()
#13 /home/fou/public_html/downloader/Maged/Controller.php(497): Maged_Controller->dispatch()
#14 /home/fou/public_html/downloader/index.php(36): Maged_Controller::run()
#15 {main}
2015-03-17T15:19:28+00:00 DEBUG (7): SQLSTATE[42S02]: Base table or view not found: 1146 Table 'fou_mage627.wp_posts' doesn't exist, query was: SELECT `wp_posts`.`ID` FROM `wp_posts` LIMIT 1
2015-03-17T15:19:28+00:00 DEBUG (7): SQLSTATE[42S02]: Base table or view not found: 1146 Table 'fou_mage627.wp_posts' doesn't exist, query was: SELECT `wp_posts`.`ID` FROM `wp_posts` LIMIT 1
2015-03-17T15:19:49+00:00 DEBUG (7): exception 'Exception' with message 'WordPress Admin details not set.' in /home/fou/public_html/app/code/community/Fishpig/Wordpress/controllers/Adminhtml/WordpressController.php:31
Stack trace:
#0 /home/fou/public_html/app/code/core/Mage/Core/Controller/Varien/Action.php(418): Fishpig_Wordpress_Adminhtml_WordpressController->loginAction()
#1 /home/fou/public_html/app/code/core/Mage/Core/Controller/Varien/Router/Standard.php(250): Mage_Core_Controller_Varien_Action->dispatch('login')
#2 /home/fou/public_html/app/code/core/Mage/Core/Controller/Varien/Front.php(172): Mage_Core_Controller_Varien_Router_Standard->match(Object(Mage_Core_Controller_Request_Http))
#3 /home/fou/public_html/app/code/core/Mage/Core/Model/App.php(354): Mage_Core_Controller_Varien_Front->dispatch()
#4 /home/fou/public_html/app/Mage.php(684): Mage_Core_Model_App->run(Array)
#5 /home/fou/public_html/index.php(87): Mage::run('', 'store')
#6 {main}
2015-03-17T15:20:12+00:00 DEBUG (7): SQLSTATE[42S02]: Base table or view not found: 1146 Table 'fou_mage627.wp_posts' doesn't exist, query was: SELECT `wp_posts`.`ID` FROM `wp_posts` LIMIT 1
2015-03-17T15:20:23+00:00 DEBUG (7): SQLSTATE[42S02]: Base table or view not found: 1146 Table 'fou_mage627.wp_posts' doesn't exist, query was: SELECT `wp_posts`.`ID` FROM `wp_posts` LIMIT 1
2015-03-17T15:21:20+00:00 DEBUG (7): SQLSTATE[42S02]: Base table or view not found: 1146 Table 'fou_mage627.wp_posts' doesn't exist, query was: SELECT `wp_posts`.`ID` FROM `wp_posts` LIMIT 1
2015-03-17T15:21:31+00:00 DEBUG (7): SQLSTATE[42S02]: Base table or view not found: 1146 Table 'fou_mage627.wp_posts' doesn't exist, query was: SELECT `wp_posts`.`ID` FROM `wp_posts` LIMIT 1
2015-03-17T15:22:20+00:00 DEBUG (7): SQLSTATE[42S02]: Base table or view not found: 1146 Table 'fou_mage627.wp_posts' doesn't exist, query was: SELECT `wp_posts`.`ID` FROM `wp_posts` LIMIT 1
2015-03-17T15:22:24+00:00 DEBUG (7): SQLSTATE[42S02]: Base table or view not found: 1146 Table 'fou_mage627.wp_posts' doesn't exist, query was: SELECT `wp_posts`.`ID` FROM `wp_posts` LIMIT 1
2015-03-17T15:22:25+00:00 DEBUG (7): SQLSTATE[42S02]: Base table or view not found: 1146 Table 'fou_mage627.wp_posts' doesn't exist, query was: SELECT `wp_posts`.`ID` FROM `wp_posts` LIMIT 1
2015-03-17T15:22:26+00:00 DEBUG (7): SQLSTATE[42S02]: Base table or view not found: 1146 Table 'fou_mage627.wp_posts' doesn't exist, query was: SELECT `wp_posts`.`ID` FROM `wp_posts` LIMIT 1
2015-03-17T15:22:26+00:00 DEBUG (7): SQLSTATE[42S02]: Base table or view not found: 1146 Table 'fou_mage627.wp_posts' doesn't exist, query was: SELECT `wp_posts`.`ID` FROM `wp_posts` LIMIT 1
2015-03-17T15:23:02+00:00 DEBUG (7): SQLSTATE[42S02]: Base table or view not found: 1146 Table 'fou_mage627.wp_posts' doesn't exist, query was: SELECT `wp_posts`.`ID` FROM `wp_posts` LIMIT 1
2015-03-17T15:23:10+00:00 DEBUG (7): SQLSTATE[42S02]: Base table or view not found: 1146 Table 'fou_mage627.wp_posts' doesn't exist, query was: SELECT `wp_posts`.`ID` FROM `wp_posts` LIMIT 1
2015-03-17T15:23:16+00:00 DEBUG (7): SQLSTATE[42S02]: Base table or view not found: 1146 Table 'fou_mage627.wp_posts' doesn't exist, query was: SELECT `wp_posts`.`ID` FROM `wp_posts` LIMIT 1
2015-03-17T15:23:16+00:00 DEBUG (7): SQLSTATE[42S02]: Base table or view not found: 1146 Table 'fou_mage627.wp_posts' doesn't exist, query was: SELECT `wp_posts`.`ID` FROM `wp_posts` LIMIT 1
2015-03-17T15:23:29+00:00 DEBUG (7): SQLSTATE[42S02]: Base table or view not found: 1146 Table 'fou_mage627.wp_posts' doesn't exist, query was: SELECT `wp_posts`.`ID` FROM `wp_posts` LIMIT 1
2015-03-17T15:23:34+00:00 DEBUG (7): SQLSTATE[42S02]: Base table or view not found: 1146 Table 'fou_mage627.wp_posts' doesn't exist, query was: SELECT `wp_posts`.`ID` FROM `wp_posts` LIMIT 1
2015-03-17T15:23:47+00:00 DEBUG (7): SQLSTATE[42S02]: Base table or view not found: 1146 Table 'fou_mage627.wp_posts' doesn't exist, query was: SELECT `wp_posts`.`ID` FROM `wp_posts` LIMIT 1
2015-03-17T15:24:57+00:00 DEBUG (7): SQLSTATE[42S02]: Base table or view not found: 1146 Table 'fou_mage627.wp_posts' doesn't exist, query was: SELECT `wp_posts`.`ID` FROM `wp_posts` LIMIT 1
2015-03-17T15:25:10+00:00 DEBUG (7): SQLSTATE[42S02]: Base table or view not found: 1146 Table 'fou_mage627.wp_posts' doesn't exist, query was: SELECT `wp_posts`.`ID` FROM `wp_posts` LIMIT 1
2015-03-17T15:25:11+00:00 DEBUG (7): SQLSTATE[42S02]: Base table or view not found: 1146 Table 'fou_mage627.wp_posts' doesn't exist, query was: SELECT `wp_posts`.`ID` FROM `wp_posts` LIMIT 1
2015-03-17T15:25:26+00:00 DEBUG (7): SQLSTATE[42S02]: Base table or view not found: 1146 Table 'fou_mage627.wp_posts' doesn't exist, query was: SELECT `wp_posts`.`ID` FROM `wp_posts` LIMIT 1
2015-03-17T15:25:39+00:00 DEBUG (7): SQLSTATE[42S02]: Base table or view not found: 1146 Table 'fou_mage627.wp_posts' doesn't exist, query was: SELECT `wp_posts`.`ID` FROM `wp_posts` LIMIT 1
2015-03-17T15:25:41+00:00 DEBUG (7): SQLSTATE[42S02]: Base table or view not found: 1146 Table 'fou_mage627.wp_posts' doesn't exist, query was: SELECT `wp_posts`.`ID` FROM `wp_posts` LIMIT 1
2015-03-17T15:25:41+00:00 DEBUG (7): SQLSTATE[42S02]: Base table or view not found: 1146 Table 'fou_mage627.wp_posts' doesn't exist, query was: SELECT `wp_posts`.`ID` FROM `wp_posts` LIMIT 1
2015-03-17T15:25:42+00:00 DEBUG (7): SQLSTATE[42S02]: Base table or view not found: 1146 Table 'fou_mage627.wp_posts' doesn't exist, query was: SELECT `wp_posts`.`ID` FROM `wp_posts` LIMIT 1
2015-03-17T15:25:44+00:00 DEBUG (7): SQLSTATE[42S02]: Base table or view not found: 1146 Table 'fou_mage627.wp_posts' doesn't exist, query was: SELECT `wp_posts`.`ID` FROM `wp_posts` LIMIT 1
2015-03-17T15:25:52+00:00 DEBUG (7): SQLSTATE[42S02]: Base table or view not found: 1146 Table 'fou_mage627.wp_posts' doesn't exist, query was: SELECT `wp_posts`.`ID` FROM `wp_posts` LIMIT 1
2015-03-17T15:25:55+00:00 DEBUG (7): SQLSTATE[42S02]: Base table or view not found: 1146 Table 'fou_mage627.wp_posts' doesn't exist, query was: SELECT `wp_posts`.`ID` FROM `wp_posts` LIMIT 1
2015-03-17T15:26:02+00:00 DEBUG (7): SQLSTATE[42S02]: Base table or view not found: 1146 Table 'fou_mage627.wp_posts' doesn't exist, query was: SELECT `wp_posts`.`ID` FROM `wp_posts` LIMIT 1
2015-03-17T15:26:23+00:00 DEBUG (7): SQLSTATE[42S02]: Base table or view not found: 1146 Table 'fou_mage627.wp_posts' doesn't exist, query was: SELECT `wp_posts`.`ID` FROM `wp_posts` LIMIT 1
2015-03-17T15:26:44+00:00 DEBUG (7): SQLSTATE[42S02]: Base table or view not found: 1146 Table 'fou_mage627.wp_posts' doesn't exist, query was: SELECT `wp_posts`.`ID` FROM `wp_posts` LIMIT 1
2015-03-17T15:26:58+00:00 DEBUG (7): SQLSTATE[42S02]: Base table or view not found: 1146 Table 'fou_mage627.wp_posts' doesn't exist, query was: SELECT `wp_posts`.`ID` FROM `wp_posts` LIMIT 1
2015-03-17T15:27:05+00:00 DEBUG (7): SQLSTATE[42S02]: Base table or view not found: 1146 Table 'fou_mage627.wp_posts' doesn't exist, query was: SELECT `wp_posts`.`ID` FROM `wp_posts` LIMIT 1
2015-03-17T15:27:10+00:00 DEBUG (7): SQLSTATE[42S02]: Base table or view not found: 1146 Table 'fou_mage627.wp_posts' doesn't exist, query was: SELECT `wp_posts`.`ID` FROM `wp_posts` LIMIT 1
2015-03-17T15:30:24+00:00 DEBUG (7): SQLSTATE[42S02]: Base table or view not found: 1146 Table 'fou_mage627.wp_posts' doesn't exist, query was: SELECT `wp_posts`.`ID` FROM `wp_posts` LIMIT 1
2015-03-17T15:30:27+00:00 DEBUG (7): SQLSTATE[42S02]: Base table or view not found: 1146 Table 'fou_mage627.wp_posts' doesn't exist, query was: SELECT `wp_posts`.`ID` FROM `wp_posts` LIMIT 1
2015-03-17T15:30:35+00:00 DEBUG (7): SQLSTATE[42S02]: Base table or view not found: 1146 Table 'fou_mage627.wp_posts' doesn't exist, query was: SELECT `wp_posts`.`ID` FROM `wp_posts` LIMIT 1
2015-03-17T15:30:45+00:00 DEBUG (7): SQLSTATE[42S02]: Base table or view not found: 1146 Table 'fou_mage627.wp_posts' doesn't exist, query was: SELECT `wp_posts`.`ID` FROM `wp_posts` LIMIT 1
2015-03-17T15:31:05+00:00 DEBUG (7): SQLSTATE[42S02]: Base table or view not found: 1146 Table 'fou_mage627.wp_posts' doesn't exist, query was: SELECT `wp_posts`.`ID` FROM `wp_posts` LIMIT 1
2015-03-17T15:31:40+00:00 DEBUG (7): SQLSTATE[42S02]: Base table or view not found: 1146 Table 'fou_mage627.wp_posts' doesn't exist, query was: SELECT `wp_posts`.`ID` FROM `wp_posts` LIMIT 1
2015-03-17T15:31:41+00:00 DEBUG (7): SQLSTATE[42S02]: Base table or view not found: 1146 Table 'fou_mage627.wp_posts' doesn't exist, query was: SELECT `wp_posts`.`ID` FROM `wp_posts` LIMIT 1
